<?xml version="1.0" encoding="utf-8"?><testsuites name="pytest tests"><testsuite name="pytest" errors="0" failures="0" skipped="0" tests="3" time="5.452" timestamp="2026-09-07T23:14:14.005244+00:00" hostname="agent-env-f742629f-aaf8-4489-8384-ef7d52ac1c90"><testcase classname="tests.test_iteration9" name="test_m365_test_endpoint" time="1.720" /><testcase classname="tests.test_iteration9" name="test_m365_push_slynch_enriched" time="2.414" /><testcase classname="tests.test_iteration9" name="test_booking_url_persistence" time="0.991" /></testsuite></testsuites>