<?xml version="1.0" encoding="utf-8"?><testsuites name="pytest tests"><testsuite name="pytest" errors="0" failures="0" skipped="0" tests="40" time="33.286" timestamp="2026-09-06T20:29:08.866773+00:00" hostname="agent-env-f742629f-aaf8-4489-8384-ef7d52ac1c90"><testcase classname="tests.backend_test.TestAuth" name="test_admin_login" time="0.421" /><testcase classname="tests.backend_test.TestAuth" name="test_admin_me" time="0.228" /><testcase classname="tests.test_new_features.TestDepartments" name="test_create_department" time="0.990" /><testcase classname="tests.backend_test.TestAuth" name="test_login_invalid" time="0.334" /><testcase classname="tests.backend_test.TestAuth" name="test_me_no_auth" time="0.122" /><testcase classname="tests.test_new_features.TestDepartments" name="test_department_duplicate" time="0.162" /><testcase classname="tests.test_new_features.TestDepartments" name="test_department_forbidden_for_employee" time="0.485" /><testcase classname="tests.test_new_features.TestDepartments" name="test_generate_dept_banner" time="1.299" /><testcase classname="tests.test_new_features.TestDepartments" name="test_generate_dept_banner_not_found" time="1.380" /><testcase classname="tests.test_new_features.TestDepartments" name="test_delete_department" time="0.250" /><testcase classname="tests.backend_test.TestSettings" name="test_get_settings_admin" time="0.468" /><testcase classname="tests.backend_test.TestSettings" name="test_get_settings_employee" time="0.495" /><testcase classname="tests.backend_test.TestSettings" name="test_update_settings_admin" time="0.388" /><testcase classname="tests.backend_test.TestSettings" name="test_update_settings_employee_forbidden" time="0.126" /><testcase classname="tests.backend_test.TestEmployees" name="test_list_employees_admin" time="0.127" /><testcase classname="tests.backend_test.TestEmployees" name="test_list_employees_forbidden" time="0.121" /><testcase classname="tests.backend_test.TestEmployees" name="test_create_update_delete_employee" time="0.717" /><testcase classname="tests.backend_test.TestEmployees" name="test_cannot_delete_admin" time="0.293" /><testcase classname="tests.test_new_features.TestSmtp" name="test_get_smtp_admin" time="0.474" /><testcase classname="tests.test_new_features.TestSmtp" name="test_get_smtp_employee_forbidden" time="0.472" /><testcase classname="tests.test_new_features.TestSmtp" name="test_put_smtp_saves_and_masks_password" time="0.246" /><testcase classname="tests.test_new_features.TestSmtp" name="test_put_smtp_keeps_password_when_empty" time="0.265" /><testcase classname="tests.test_new_features.TestEmailSend" name="test_email_test_smtp_failure" time="0.196" /><testcase classname="tests.test_new_features.TestEmailSend" name="test_email_send_all_returns_json" time="0.212" /><testcase classname="tests.test_new_features.TestEmailSend" name="test_email_send_one_smtp_failure" time="0.260" /><testcase classname="tests.test_new_features.TestEmailSend" name="test_email_endpoints_forbidden_for_employee" time="0.140" /><testcase classname="tests.test_new_features.TestClickTracking" name="test_track_click_redirects" time="0.153" /><testcase classname="tests.test_new_features.TestClickTracking" name="test_track_click_default_target" time="0.126" /><testcase classname="tests.test_new_features.TestClickTracking" name="test_analytics_shows_click" time="0.261" /><testcase classname="tests.test_new_features.TestClickTracking" name="test_analytics_forbidden_for_employee" time="0.163" /><testcase classname="tests.backend_test.TestUploadAndFiles" name="test_upload_admin" time="0.510" /><testcase classname="tests.backend_test.TestUploadAndFiles" name="test_upload_employee_forbidden" time="0.117" /><testcase classname="tests.backend_test.TestUploadAndFiles" name="test_upload_avatar_employee" time="0.340" /><testcase classname="tests.backend_test.TestGif" name="test_generate_gif" time="1.432" /><testcase classname="tests.backend_test.TestGif" name="test_generate_gif_employee_forbidden" time="0.123" /><testcase classname="tests.backend_test.TestGif" name="test_generate_gif_empty" time="0.118" /><testcase classname="tests.test_new_features.TestBannerResolution" name="test_employee_with_matching_department_gets_dept_banner" time="1.546" /><testcase classname="tests.backend_test.TestAuth" name="test_register_and_login_employee" time="30.909" /><testcase classname="tests.backend_test.TestAuth" name="test_register_duplicate" time="0.133" /><testcase classname="tests.backend_test.TestAuth" name="test_update_me_persists" time="0.328" /></testsuite></testsuites>