<?xml version="1.0" encoding="utf-8"?><testsuites name="pytest tests"><testsuite name="pytest" errors="0" failures="0" skipped="0" tests="21" time="7.930" timestamp="2026-09-06T20:06:26.410195+00:00" hostname="agent-env-f742629f-aaf8-4489-8384-ef7d52ac1c90"><testcase classname="tests.backend_test.TestAuth" name="test_admin_login" time="0.468" /><testcase classname="tests.backend_test.TestAuth" name="test_admin_me" time="0.216" /><testcase classname="tests.backend_test.TestAuth" name="test_login_invalid" time="0.319" /><testcase classname="tests.backend_test.TestAuth" name="test_me_no_auth" time="0.159" /><testcase classname="tests.backend_test.TestAuth" name="test_register_and_login_employee" time="0.744" /><testcase classname="tests.backend_test.TestAuth" name="test_register_duplicate" time="0.159" /><testcase classname="tests.backend_test.TestAuth" name="test_update_me_persists" time="0.298" /><testcase classname="tests.backend_test.TestSettings" name="test_get_settings_admin" time="0.141" /><testcase classname="tests.backend_test.TestSettings" name="test_get_settings_employee" time="0.173" /><testcase classname="tests.backend_test.TestSettings" name="test_update_settings_admin" time="0.297" /><testcase classname="tests.backend_test.TestSettings" name="test_update_settings_employee_forbidden" time="0.138" /><testcase classname="tests.backend_test.TestUploadAndFiles" name="test_upload_admin" time="0.717" /><testcase classname="tests.backend_test.TestUploadAndFiles" name="test_upload_employee_forbidden" time="0.135" /><testcase classname="tests.backend_test.TestUploadAndFiles" name="test_upload_avatar_employee" time="0.413" /><testcase classname="tests.backend_test.TestGif" name="test_generate_gif" time="1.738" /><testcase classname="tests.backend_test.TestGif" name="test_generate_gif_employee_forbidden" time="0.132" /><testcase classname="tests.backend_test.TestGif" name="test_generate_gif_empty" time="0.190" /><testcase classname="tests.backend_test.TestEmployees" name="test_list_employees_admin" time="0.129" /><testcase classname="tests.backend_test.TestEmployees" name="test_list_employees_forbidden" time="0.150" /><testcase classname="tests.backend_test.TestEmployees" name="test_create_update_delete_employee" time="0.810" /><testcase classname="tests.backend_test.TestEmployees" name="test_cannot_delete_admin" time="0.299" /></testsuite></testsuites>